@ -1,345 +0,0 @@
[debug] [2025-03-21T15:54:18.939Z] ----------------------------------------------------------------------
[debug] [2025-03-21T15:54:18.941Z] Command:       C:\Program Files\nodejs\node.exe C:\Users\Tobias\AppData\Roaming\npm\node_modules\firebase-tools\lib\bin\firebase.js init
[debug] [2025-03-21T15:54:18.941Z] CLI Version:   13.35.1
[debug] [2025-03-21T15:54:18.942Z] Platform:      win32
[debug] [2025-03-21T15:54:18.942Z] Node Version:  v22.11.0
[debug] [2025-03-21T15:54:18.942Z] Time:          Fri Mar 21 2025 12:54:18 GMT-0300 (Horário Padrão de Brasília)
[debug] [2025-03-21T15:54:18.942Z] ----------------------------------------------------------------------
[debug] 
[debug] [2025-03-21T15:54:18.947Z] > command requires scopes: ["email","openid","https://www.googleapis.com/auth/cloudplatformprojects.readonly","https://www.googleapis.com/auth/firebase","https://www.googleapis.com/auth/cloud-platform"]
[debug] [2025-03-21T15:54:18.948Z] > authorizing via signed-in user (tobias.teles@gmail.com)
[info] 
     ######## #### ########  ######## ########     ###     ######  ########
     ##        ##  ##     ## ##       ##     ##  ##   ##  ##       ##
     ######    ##  ########  ######   ########  #########  ######  ######
     ##        ##  ##    ##  ##       ##     ## ##     ##       ## ##
     ##       #### ##     ## ######## ########  ##     ##  ######  ########

You're about to initialize a Firebase project in this directory:

  C:\Users\Tobias\Documents\GitHub\BancoDePontos\BancoDePontos-Edukhan

[info] 
=== Project Setup
[info] 
[info] First, let's associate this project directory with a Firebase project.
[info] You can create multiple project aliases by running firebase use --add, 
[info] but for now we'll just set up a default project.
[info] 
[debug] [2025-03-21T15:54:55.671Z] Checked if tokens are valid: true, expires at: 1742576029903
[debug] [2025-03-21T15:54:55.671Z] Checked if tokens are valid: true, expires at: 1742576029903
[debug] [2025-03-21T15:54:55.676Z] >>> [apiv2][query] GET https://firebase.googleapis.com/v1beta1/projects pageSize=100
[debug] [2025-03-21T15:54:56.813Z] <<< [apiv2][status] GET https://firebase.googleapis.com/v1beta1/projects 200
[debug] [2025-03-21T15:54:56.813Z] <<< [apiv2][body] GET https://firebase.googleapis.com/v1beta1/projects [omitted]
[info] i  Using project banco-de-pontos---edukhan (Banco de Pontos - Edukhan) 
[info] 
=== Dataconnect Setup
[debug] [2025-03-21T15:54:58.085Z] Checked if tokens are valid: true, expires at: 1742576029903
[debug] [2025-03-21T15:54:58.085Z] Checked if tokens are valid: true, expires at: 1742576029903
[debug] [2025-03-21T15:54:58.086Z] >>> [apiv2][query] GET https://cloudbilling.googleapis.com/v1/projects/banco-de-pontos---edukhan/billingInfo [none]
[debug] [2025-03-21T15:55:00.282Z] <<< [apiv2][status] GET https://cloudbilling.googleapis.com/v1/projects/banco-de-pontos---edukhan/billingInfo 200
[debug] [2025-03-21T15:55:00.283Z] <<< [apiv2][body] GET https://cloudbilling.googleapis.com/v1/projects/banco-de-pontos---edukhan/billingInfo {"name":"projects/banco-de-pontos---edukhan/billingInfo","projectId":"banco-de-pontos---edukhan","billingAccountName":"","billingEnabled":false}
[info] i  dataconnect: ensuring required API sqladmin.googleapis.com is enabled... 
[debug] [2025-03-21T15:55:00.284Z] Checked if tokens are valid: true, expires at: 1742576029903
[debug] [2025-03-21T15:55:00.284Z] Checked if tokens are valid: true, expires at: 1742576029903
[debug] [2025-03-21T15:55:00.285Z] >>> [apiv2][query] GET https://serviceusage.googleapis.com/v1/projects/banco-de-pontos---edukhan/services/sqladmin.googleapis.com [none]
[debug] [2025-03-21T15:55:00.285Z] >>> [apiv2][(partial)header] GET https://serviceusage.googleapis.com/v1/projects/banco-de-pontos---edukhan/services/sqladmin.googleapis.com x-goog-quota-user=projects/banco-de-pontos---edukhan
[debug] [2025-03-21T15:55:01.727Z] <<< [apiv2][status] GET https://serviceusage.googleapis.com/v1/projects/banco-de-pontos---edukhan/services/sqladmin.googleapis.com 200
[debug] [2025-03-21T15:55:01.727Z] <<< [apiv2][body] GET https://serviceusage.googleapis.com/v1/projects/banco-de-pontos---edukhan/services/sqladmin.googleapis.com [omitted]
[warn] !  dataconnect: missing required API sqladmin.googleapis.com. Enabling now... 
[debug] [2025-03-21T15:55:01.729Z] Checked if tokens are valid: true, expires at: 1742576029903
[debug] [2025-03-21T15:55:01.729Z] Checked if tokens are valid: true, expires at: 1742576029903
[debug] [2025-03-21T15:55:01.729Z] >>> [apiv2][query] POST https://serviceusage.googleapis.com/v1/projects/banco-de-pontos---edukhan/services/sqladmin.googleapis.com:enable [none]
[debug] [2025-03-21T15:55:01.729Z] >>> [apiv2][(partial)header] POST https://serviceusage.googleapis.com/v1/projects/banco-de-pontos---edukhan/services/sqladmin.googleapis.com:enable x-goog-quota-user=projects/banco-de-pontos---edukhan
[debug] [2025-03-21T15:55:03.074Z] <<< [apiv2][status] POST https://serviceusage.googleapis.com/v1/projects/banco-de-pontos---edukhan/services/sqladmin.googleapis.com:enable 200
[debug] [2025-03-21T15:55:03.074Z] <<< [apiv2][body] POST https://serviceusage.googleapis.com/v1/projects/banco-de-pontos---edukhan/services/sqladmin.googleapis.com:enable [omitted]
[debug] [2025-03-21T15:55:13.075Z] Checked if tokens are valid: true, expires at: 1742576029903
[debug] [2025-03-21T15:55:13.075Z] Checked if tokens are valid: true, expires at: 1742576029903
[debug] [2025-03-21T15:55:13.075Z] >>> [apiv2][query] GET https://serviceusage.googleapis.com/v1/projects/banco-de-pontos---edukhan/services/sqladmin.googleapis.com [none]
[debug] [2025-03-21T15:55:13.075Z] >>> [apiv2][(partial)header] GET https://serviceusage.googleapis.com/v1/projects/banco-de-pontos---edukhan/services/sqladmin.googleapis.com x-goog-quota-user=projects/banco-de-pontos---edukhan
[debug] [2025-03-21T15:55:14.391Z] <<< [apiv2][status] GET https://serviceusage.googleapis.com/v1/projects/banco-de-pontos---edukhan/services/sqladmin.googleapis.com 200
[debug] [2025-03-21T15:55:14.391Z] <<< [apiv2][body] GET https://serviceusage.googleapis.com/v1/projects/banco-de-pontos---edukhan/services/sqladmin.googleapis.com [omitted]
[info] +  dataconnect: required API sqladmin.googleapis.com is enabled 
[info] +  Wrote dataconnect\dataconnect.yaml 
[info] +  Wrote dataconnect\schema\schema.gql 
[info] +  Wrote dataconnect\connector\connector.yaml 
[info] +  Wrote dataconnect\connector\queries.gql 
[info] +  Wrote dataconnect\connector\mutations.gql 
[info] i  If you'd like to add the generated SDK to your app later, run firebase init dataconnect:sdk 
[info] i  If you'd like to provision a CloudSQL Postgres instance on the Firebase Data Connect no-cost trial:
1. Please upgrade to the pay-as-you-go (Blaze) billing plan. Visit the following page:
     https://console.firebase.google.com/project/banco-de-pontos---edukhan/usage/details
2. Run firebase init dataconnect again to configure the Cloud SQL instance.
3. Run firebase deploy --only dataconnect to deploy your Data Connect service. 
[info] 
=== Firestore Setup
[debug] [2025-03-21T15:55:14.409Z] Checked if tokens are valid: true, expires at: 1742576029903
[debug] [2025-03-21T15:55:14.409Z] Checked if tokens are valid: true, expires at: 1742576029903
[debug] [2025-03-21T15:55:14.410Z] >>> [apiv2][query] GET https://serviceusage.googleapis.com/v1/projects/banco-de-pontos---edukhan/services/firestore.googleapis.com [none]
[debug] [2025-03-21T15:55:14.410Z] >>> [apiv2][(partial)header] GET https://serviceusage.googleapis.com/v1/projects/banco-de-pontos---edukhan/services/firestore.googleapis.com x-goog-quota-user=projects/banco-de-pontos---edukhan
[debug] [2025-03-21T15:55:15.686Z] <<< [apiv2][status] GET https://serviceusage.googleapis.com/v1/projects/banco-de-pontos---edukhan/services/firestore.googleapis.com 200
[debug] [2025-03-21T15:55:15.686Z] <<< [apiv2][body] GET https://serviceusage.googleapis.com/v1/projects/banco-de-pontos---edukhan/services/firestore.googleapis.com [omitted]
[debug] [2025-03-21T15:55:15.686Z] Checked if tokens are valid: true, expires at: 1742576029903
[debug] [2025-03-21T15:55:15.686Z] Checked if tokens are valid: true, expires at: 1742576029903
[debug] [2025-03-21T15:55:15.686Z] >>> [apiv2][query] GET https://firestore.googleapis.com/v1/projects/banco-de-pontos---edukhan/databases/(default) [none]
[debug] [2025-03-21T15:55:16.886Z] <<< [apiv2][status] GET https://firestore.googleapis.com/v1/projects/banco-de-pontos---edukhan/databases/(default) 200
[debug] [2025-03-21T15:55:16.887Z] <<< [apiv2][body] GET https://firestore.googleapis.com/v1/projects/banco-de-pontos---edukhan/databases/(default) {"name":"projects/banco-de-pontos---edukhan/databases/(default)","uid":"fa79de4f-e2b9-45d8-8441-4356e0633e26","createTime":"2025-03-21T15:10:06.129687Z","updateTime":"2025-03-21T15:10:06.129687Z","locationId":"nam5","type":"FIRESTORE_NATIVE","concurrencyMode":"PESSIMISTIC","versionRetentionPeriod":"3600s","earliestVersionTime":"2025-03-21T15:10:06.129687Z","appEngineIntegrationMode":"DISABLED","keyPrefix":"s","pointInTimeRecoveryEnablement":"POINT_IN_TIME_RECOVERY_DISABLED","deleteProtectionState":"DELETE_PROTECTION_DISABLED","databaseEdition":"STANDARD","freeTier":true,"etag":"IK2QjL/Em4wDMJfUqbK6m4wD"}
[debug] [2025-03-21T15:55:16.887Z] database_type: FIRESTORE_NATIVE
[debug] [2025-03-21T15:55:16.887Z] database_type: FIRESTORE_NATIVE
[debug] [2025-03-21T15:55:16.887Z] > command requires scopes: ["email","openid","https://www.googleapis.com/auth/cloudplatformprojects.readonly","https://www.googleapis.com/auth/firebase","https://www.googleapis.com/auth/cloud-platform"]
[debug] [2025-03-21T15:55:16.888Z] > authorizing via signed-in user (tobias.teles@gmail.com)
[debug] [2025-03-21T15:55:16.888Z] [iam] checking project banco-de-pontos---edukhan for permissions ["firebase.projects.get"]
[debug] [2025-03-21T15:55:16.888Z] Checked if tokens are valid: true, expires at: 1742576029903
[debug] [2025-03-21T15:55:16.889Z] Checked if tokens are valid: true, expires at: 1742576029903
[debug] [2025-03-21T15:55:16.889Z] >>> [apiv2][query] POST https://cloudresourcemanager.googleapis.com/v1/projects/banco-de-pontos---edukhan:testIamPermissions [none]
[debug] [2025-03-21T15:55:16.889Z] >>> [apiv2][(partial)header] POST https://cloudresourcemanager.googleapis.com/v1/projects/banco-de-pontos---edukhan:testIamPermissions x-goog-quota-user=projects/banco-de-pontos---edukhan
[debug] [2025-03-21T15:55:16.889Z] >>> [apiv2][body] POST https://cloudresourcemanager.googleapis.com/v1/projects/banco-de-pontos---edukhan:testIamPermissions {"permissions":["firebase.projects.get"]}
[debug] [2025-03-21T15:55:18.286Z] <<< [apiv2][status] POST https://cloudresourcemanager.googleapis.com/v1/projects/banco-de-pontos---edukhan:testIamPermissions 200
[debug] [2025-03-21T15:55:18.286Z] <<< [apiv2][body] POST https://cloudresourcemanager.googleapis.com/v1/projects/banco-de-pontos---edukhan:testIamPermissions {"permissions":["firebase.projects.get"]}
[info] 
[info] Firestore Security Rules allow you to define how and when to allow
[info] requests. You can keep these rules in your project directory
[info] and publish them with firebase deploy.
[info] 
[info] 
[info] Firestore indexes allow you to perform complex queries while
[info] maintaining performance that scales with the size of the result
[info] set. You can keep index definitions in your project directory
[info] and publish them with firebase deploy.
[info] 
[debug] [2025-03-21T15:56:37.304Z] Checked if tokens are valid: true, expires at: 1742576029903
[debug] [2025-03-21T15:56:37.304Z] Checked if tokens are valid: true, expires at: 1742576029903
[debug] [2025-03-21T15:56:37.304Z] Checked if tokens are valid: true, expires at: 1742576029903
[debug] [2025-03-21T15:56:37.305Z] Checked if tokens are valid: true, expires at: 1742576029903
[debug] [2025-03-21T15:56:37.305Z] >>> [apiv2][query] GET https://firestore.googleapis.com/v1/projects/banco-de-pontos---edukhan/databases/(default)/collectionGroups/-/indexes [none]
[debug] [2025-03-21T15:56:37.309Z] >>> [apiv2][query] GET https://firestore.googleapis.com/v1/projects/banco-de-pontos---edukhan/databases/(default)/collectionGroups/-/fields?filter=indexConfig.usesAncestorConfig=false OR ttlConfig:* [none]
[debug] [2025-03-21T15:56:38.509Z] <<< [apiv2][status] GET https://firestore.googleapis.com/v1/projects/banco-de-pontos---edukhan/databases/(default)/collectionGroups/-/indexes 200
[debug] [2025-03-21T15:56:38.510Z] <<< [apiv2][body] GET https://firestore.googleapis.com/v1/projects/banco-de-pontos---edukhan/databases/(default)/collectionGroups/-/indexes {}
[debug] [2025-03-21T15:56:38.995Z] <<< [apiv2][status] GET https://firestore.googleapis.com/v1/projects/banco-de-pontos---edukhan/databases/(default)/collectionGroups/-/fields?filter=indexConfig.usesAncestorConfig=false OR ttlConfig:* 200
[debug] [2025-03-21T15:56:38.995Z] <<< [apiv2][body] GET https://firestore.googleapis.com/v1/projects/banco-de-pontos---edukhan/databases/(default)/collectionGroups/-/fields?filter=indexConfig.usesAncestorConfig=false OR ttlConfig:* {"fields":[{"name":"projects/banco-de-pontos---edukhan/databases/(default)/collectionGroups/__default__/fields/*","indexConfig":{"indexes":[{"queryScope":"COLLECTION","fields":[{"fieldPath":"*","order":"ASCENDING"}],"state":"READY"},{"queryScope":"COLLECTION","fields":[{"fieldPath":"*","order":"DESCENDING"}],"state":"READY"},{"queryScope":"COLLECTION","fields":[{"fieldPath":"*","arrayConfig":"CONTAINS"}],"state":"READY"}]}}]}
[info] 
=== Genkit Setup
[debug] [2025-03-21T15:56:45.269Z] > command requires scopes: ["email","openid","https://www.googleapis.com/auth/cloudplatformprojects.readonly","https://www.googleapis.com/auth/firebase","https://www.googleapis.com/auth/cloud-platform"]
[debug] [2025-03-21T15:56:45.270Z] > authorizing via signed-in user (tobias.teles@gmail.com)
[debug] [2025-03-21T15:56:45.270Z] [iam] checking project banco-de-pontos---edukhan for permissions ["firebase.projects.get"]
[debug] [2025-03-21T15:56:45.270Z] Checked if tokens are valid: true, expires at: 1742576029903
[debug] [2025-03-21T15:56:45.270Z] Checked if tokens are valid: true, expires at: 1742576029903
[debug] [2025-03-21T15:56:45.270Z] >>> [apiv2][query] POST https://cloudresourcemanager.googleapis.com/v1/projects/banco-de-pontos---edukhan:testIamPermissions [none]
[debug] [2025-03-21T15:56:45.270Z] >>> [apiv2][(partial)header] POST https://cloudresourcemanager.googleapis.com/v1/projects/banco-de-pontos---edukhan:testIamPermissions x-goog-quota-user=projects/banco-de-pontos---edukhan
[debug] [2025-03-21T15:56:45.271Z] >>> [apiv2][body] POST https://cloudresourcemanager.googleapis.com/v1/projects/banco-de-pontos---edukhan:testIamPermissions {"permissions":["firebase.projects.get"]}
[debug] [2025-03-21T15:56:46.458Z] <<< [apiv2][status] POST https://cloudresourcemanager.googleapis.com/v1/projects/banco-de-pontos---edukhan:testIamPermissions 200
[debug] [2025-03-21T15:56:46.458Z] <<< [apiv2][body] POST https://cloudresourcemanager.googleapis.com/v1/projects/banco-de-pontos---edukhan:testIamPermissions {"permissions":["firebase.projects.get"]}
[debug] [2025-03-21T15:56:46.459Z] Checked if tokens are valid: true, expires at: 1742576029903
[debug] [2025-03-21T15:56:46.459Z] Checked if tokens are valid: true, expires at: 1742576029903
[debug] [2025-03-21T15:56:46.459Z] Checked if tokens are valid: true, expires at: 1742576029903
[debug] [2025-03-21T15:56:46.459Z] Checked if tokens are valid: true, expires at: 1742576029903
[debug] [2025-03-21T15:56:46.459Z] >>> [apiv2][query] GET https://serviceusage.googleapis.com/v1/projects/banco-de-pontos---edukhan/services/cloudfunctions.googleapis.com [none]
[debug] [2025-03-21T15:56:46.459Z] >>> [apiv2][(partial)header] GET https://serviceusage.googleapis.com/v1/projects/banco-de-pontos---edukhan/services/cloudfunctions.googleapis.com x-goog-quota-user=projects/banco-de-pontos---edukhan
[debug] [2025-03-21T15:56:46.461Z] >>> [apiv2][query] GET https://serviceusage.googleapis.com/v1/projects/banco-de-pontos---edukhan/services/runtimeconfig.googleapis.com [none]
[debug] [2025-03-21T15:56:46.461Z] >>> [apiv2][(partial)header] GET https://serviceusage.googleapis.com/v1/projects/banco-de-pontos---edukhan/services/runtimeconfig.googleapis.com x-goog-quota-user=projects/banco-de-pontos---edukhan
[debug] [2025-03-21T15:56:47.667Z] <<< [apiv2][status] GET https://serviceusage.googleapis.com/v1/projects/banco-de-pontos---edukhan/services/runtimeconfig.googleapis.com 200
[debug] [2025-03-21T15:56:47.667Z] <<< [apiv2][body] GET https://serviceusage.googleapis.com/v1/projects/banco-de-pontos---edukhan/services/runtimeconfig.googleapis.com [omitted]
[debug] [2025-03-21T15:56:47.668Z] <<< [apiv2][status] GET https://serviceusage.googleapis.com/v1/projects/banco-de-pontos---edukhan/services/cloudfunctions.googleapis.com 200
[debug] [2025-03-21T15:56:47.668Z] <<< [apiv2][body] GET https://serviceusage.googleapis.com/v1/projects/banco-de-pontos---edukhan/services/cloudfunctions.googleapis.com [omitted]
[debug] [2025-03-21T15:56:47.668Z] Checked if tokens are valid: true, expires at: 1742576029903
[debug] [2025-03-21T15:56:47.669Z] Checked if tokens are valid: true, expires at: 1742576029903
[debug] [2025-03-21T15:56:47.669Z] >>> [apiv2][query] POST https://serviceusage.googleapis.com/v1/projects/banco-de-pontos---edukhan/services/cloudfunctions.googleapis.com:enable [none]
[debug] [2025-03-21T15:56:47.669Z] >>> [apiv2][(partial)header] POST https://serviceusage.googleapis.com/v1/projects/banco-de-pontos---edukhan/services/cloudfunctions.googleapis.com:enable x-goog-quota-user=projects/banco-de-pontos---edukhan
[debug] [2025-03-21T15:56:48.928Z] <<< [apiv2][status] POST https://serviceusage.googleapis.com/v1/projects/banco-de-pontos---edukhan/services/cloudfunctions.googleapis.com:enable 200
[debug] [2025-03-21T15:56:48.928Z] <<< [apiv2][body] POST https://serviceusage.googleapis.com/v1/projects/banco-de-pontos---edukhan/services/cloudfunctions.googleapis.com:enable [omitted]
[debug] [2025-03-21T15:56:58.937Z] Checked if tokens are valid: true, expires at: 1742576029903
[debug] [2025-03-21T15:56:58.937Z] Checked if tokens are valid: true, expires at: 1742576029903
[debug] [2025-03-21T15:56:58.938Z] >>> [apiv2][query] GET https://serviceusage.googleapis.com/v1/projects/banco-de-pontos---edukhan/services/cloudfunctions.googleapis.com [none]
[debug] [2025-03-21T15:56:58.938Z] >>> [apiv2][(partial)header] GET https://serviceusage.googleapis.com/v1/projects/banco-de-pontos---edukhan/services/cloudfunctions.googleapis.com x-goog-quota-user=projects/banco-de-pontos---edukhan
[debug] [2025-03-21T15:57:00.126Z] <<< [apiv2][status] GET https://serviceusage.googleapis.com/v1/projects/banco-de-pontos---edukhan/services/cloudfunctions.googleapis.com 200
[debug] [2025-03-21T15:57:00.126Z] <<< [apiv2][body] GET https://serviceusage.googleapis.com/v1/projects/banco-de-pontos---edukhan/services/cloudfunctions.googleapis.com [omitted]
[info] Let's create a new codebase for your functions.
[info] A directory corresponding to the codebase will be created in your project
[info] with sample code pre-configured.

[info] See https://firebase.google.com/docs/functions/organize-functions for
[info] more information on organizing your functions using codebases.

[info] Functions can be deployed with firebase deploy.

[info] +  Wrote functions/package.json 
[info] +  Wrote functions/.eslintrc.js 
[info] +  Wrote functions/tsconfig.json 
[info] +  Wrote functions/tsconfig.dev.json 
[info] +  Wrote functions/src/index.ts 
[info] +  Wrote functions/.gitignore 
[info] 
[info] i  genkit: Installing Genkit CLI version 1.3.0
 
[info] i  genkit: Installing NPM packages for genkit 
[info] +  genkit: Successfully installed NPM packages 
[info] i  genkit: Updating tsconfig.json 
[warn] !  genkit: Skipped updating tsconfig.json 
[info] i  genkit: Updating package.json 
[warn] !  genkit: Skipped updating package.json 
[info] i  genkit: Generating sample file 
[info] +  genkit: Successfully generated sample file (src/genkit-sample.ts) 
[info] 
Login to Google Cloud using:
[info]     gcloud auth application-default login --project undefined

[info] Then start the Genkit developer experience by running:
[info]     cd functions && npm run genkit:start
[info] 
=== Functions Setup
[debug] [2025-03-21T16:02:03.470Z] > command requires scopes: ["email","openid","https://www.googleapis.com/auth/cloudplatformprojects.readonly","https://www.googleapis.com/auth/firebase","https://www.googleapis.com/auth/cloud-platform"]
[debug] [2025-03-21T16:02:03.470Z] > authorizing via signed-in user (tobias.teles@gmail.com)
[debug] [2025-03-21T16:02:03.470Z] [iam] checking project banco-de-pontos---edukhan for permissions ["firebase.projects.get"]
[debug] [2025-03-21T16:02:03.475Z] Checked if tokens are valid: true, expires at: 1742576029903
[debug] [2025-03-21T16:02:03.475Z] Checked if tokens are valid: true, expires at: 1742576029903
[debug] [2025-03-21T16:02:03.476Z] >>> [apiv2][query] POST https://cloudresourcemanager.googleapis.com/v1/projects/banco-de-pontos---edukhan:testIamPermissions [none]
[debug] [2025-03-21T16:02:03.476Z] >>> [apiv2][(partial)header] POST https://cloudresourcemanager.googleapis.com/v1/projects/banco-de-pontos---edukhan:testIamPermissions x-goog-quota-user=projects/banco-de-pontos---edukhan
[debug] [2025-03-21T16:02:03.476Z] >>> [apiv2][body] POST https://cloudresourcemanager.googleapis.com/v1/projects/banco-de-pontos---edukhan:testIamPermissions {"permissions":["firebase.projects.get"]}
[debug] [2025-03-21T16:02:04.641Z] <<< [apiv2][status] POST https://cloudresourcemanager.googleapis.com/v1/projects/banco-de-pontos---edukhan:testIamPermissions 200
[debug] [2025-03-21T16:02:04.641Z] <<< [apiv2][body] POST https://cloudresourcemanager.googleapis.com/v1/projects/banco-de-pontos---edukhan:testIamPermissions {"permissions":["firebase.projects.get"]}
[debug] [2025-03-21T16:02:04.643Z] Checked if tokens are valid: true, expires at: 1742576029903
[debug] [2025-03-21T16:02:04.643Z] Checked if tokens are valid: true, expires at: 1742576029903
[debug] [2025-03-21T16:02:04.643Z] Checked if tokens are valid: true, expires at: 1742576029903
[debug] [2025-03-21T16:02:04.643Z] Checked if tokens are valid: true, expires at: 1742576029903
[debug] [2025-03-21T16:02:04.643Z] >>> [apiv2][query] GET https://serviceusage.googleapis.com/v1/projects/banco-de-pontos---edukhan/services/cloudfunctions.googleapis.com [none]
[debug] [2025-03-21T16:02:04.643Z] >>> [apiv2][(partial)header] GET https://serviceusage.googleapis.com/v1/projects/banco-de-pontos---edukhan/services/cloudfunctions.googleapis.com x-goog-quota-user=projects/banco-de-pontos---edukhan
[debug] [2025-03-21T16:02:04.646Z] >>> [apiv2][query] GET https://serviceusage.googleapis.com/v1/projects/banco-de-pontos---edukhan/services/runtimeconfig.googleapis.com [none]
[debug] [2025-03-21T16:02:04.646Z] >>> [apiv2][(partial)header] GET https://serviceusage.googleapis.com/v1/projects/banco-de-pontos---edukhan/services/runtimeconfig.googleapis.com x-goog-quota-user=projects/banco-de-pontos---edukhan
[debug] [2025-03-21T16:02:06.238Z] <<< [apiv2][status] GET https://serviceusage.googleapis.com/v1/projects/banco-de-pontos---edukhan/services/cloudfunctions.googleapis.com 200
[debug] [2025-03-21T16:02:06.239Z] <<< [apiv2][body] GET https://serviceusage.googleapis.com/v1/projects/banco-de-pontos---edukhan/services/cloudfunctions.googleapis.com [omitted]
[debug] [2025-03-21T16:02:06.267Z] <<< [apiv2][status] GET https://serviceusage.googleapis.com/v1/projects/banco-de-pontos---edukhan/services/runtimeconfig.googleapis.com 200
[debug] [2025-03-21T16:02:06.268Z] <<< [apiv2][body] GET https://serviceusage.googleapis.com/v1/projects/banco-de-pontos---edukhan/services/runtimeconfig.googleapis.com [omitted]
[info] 
Detected existing codebase(s): default

[info] 
Overwriting codebase default...

[info] +  Wrote functions/package.json 
[info] +  Wrote functions/index.js 
[info] +  Wrote functions/.eslintrc.js 
[info] +  Wrote functions/.gitignore 
[info] 
=== Apphosting Setup
[debug] [2025-03-21T16:02:32.883Z] Checked if tokens are valid: true, expires at: 1742576029903
[debug] [2025-03-21T16:02:32.884Z] Checked if tokens are valid: true, expires at: 1742576029903
[debug] [2025-03-21T16:02:32.884Z] >>> [apiv2][query] GET https://cloudbilling.googleapis.com/v1/projects/banco-de-pontos---edukhan/billingInfo [none]
[debug] [2025-03-21T16:02:34.727Z] <<< [apiv2][status] GET https://cloudbilling.googleapis.com/v1/projects/banco-de-pontos---edukhan/billingInfo 200
[debug] [2025-03-21T16:02:34.727Z] <<< [apiv2][body] GET https://cloudbilling.googleapis.com/v1/projects/banco-de-pontos---edukhan/billingInfo {"name":"projects/banco-de-pontos---edukhan/billingInfo","projectId":"banco-de-pontos---edukhan","billingAccountName":"","billingEnabled":false}
[info] i  Writing default settings to apphosting.yaml... 
[info] +  Wrote apphosting.yaml 
[info] +  Create a new App Hosting backend with `firebase apphosting:backends:create` 
[info] 
=== Hosting Setup
[debug] [2025-03-21T16:02:34.735Z] Checked if tokens are valid: true, expires at: 1742576029903
[debug] [2025-03-21T16:02:34.735Z] Checked if tokens are valid: true, expires at: 1742576029903
[debug] [2025-03-21T16:02:34.736Z] >>> [apiv2][query] GET https://firebase.googleapis.com/v1beta1/projects/banco-de-pontos---edukhan [none]
[debug] [2025-03-21T16:02:35.471Z] <<< [apiv2][status] GET https://firebase.googleapis.com/v1beta1/projects/banco-de-pontos---edukhan 200
[debug] [2025-03-21T16:02:35.471Z] <<< [apiv2][body] GET https://firebase.googleapis.com/v1beta1/projects/banco-de-pontos---edukhan {"projectId":"banco-de-pontos---edukhan","projectNumber":"1016357531606","displayName":"Banco de Pontos - Edukhan","name":"projects/banco-de-pontos---edukhan","resources":{"hostingSite":"banco-de-pontos---edukhan"},"state":"ACTIVE","etag":"1_70610bfa-0bb4-4c75-b343-6e801cd423bc"}
[info] 
[info] Your public directory is the folder (relative to your project directory) that
[info] will contain Hosting assets to be uploaded with firebase deploy. If you
[info] have a build process for your assets, use your build's output directory.
[info] 
[debug] [2025-03-21T16:02:55.015Z] >>> [apiv2][query] GET https://www.gstatic.com/firebasejs/releases.json [none]
[debug] [2025-03-21T16:02:55.709Z] <<< [apiv2][status] GET https://www.gstatic.com/firebasejs/releases.json 200
[debug] [2025-03-21T16:02:55.709Z] <<< [apiv2][body] GET https://www.gstatic.com/firebasejs/releases.json {"current":{"version":"11.5.0","browserURL":"https://www.gstatic.com/firebasejs/11.5.0/firebase.js","packageURL":"https://www.gstatic.com/firebasejs/11.5.0/firebase.tgz"},"live":{"version":"11.5","browserURL":"https://www.gstatic.com/firebasejs/live/11.5/firebase.js","packageURL":"https://www.gstatic.com/firebasejs/live/11.5/firebase.tgz"},"components":{"analytics":"https://www.gstatic.com/firebasejs/11.5.0/firebase-analytics.js","app":"https://www.gstatic.com/firebasejs/11.5.0/firebase-app.js","app-check":"https://www.gstatic.com/firebasejs/11.5.0/firebase-app-check.js","auth":"https://www.gstatic.com/firebasejs/11.5.0/firebase-auth.js","auth/cordova":"https://www.gstatic.com/firebasejs/11.5.0/firebase-auth/cordova.js","auth/web-extension":"https://www.gstatic.com/firebasejs/11.5.0/firebase-auth/web-extension.js","functions":"https://www.gstatic.com/firebasejs/11.5.0/firebase-functions.js","firestore":"https://www.gstatic.com/firebasejs/11.5.0/firebase-firestore.js","firestore/lite":"https://www.gstatic.com/firebasejs/11.5.0/firebase-firestore/lite.js","installations":"https://www.gstatic.com/firebasejs/11.5.0/firebase-installations.js","storage":"https://www.gstatic.com/firebasejs/11.5.0/firebase-storage.js","performance":"https://www.gstatic.com/firebasejs/11.5.0/firebase-performance.js","remote-config":"https://www.gstatic.com/firebasejs/11.5.0/firebase-remote-config.js","messaging":"https://www.gstatic.com/firebasejs/11.5.0/firebase-messaging.js","messaging/sw":"https://www.gstatic.com/firebasejs/11.5.0/firebase-messaging/sw.js","database":"https://www.gstatic.com/firebasejs/11.5.0/firebase-database.js","vertexai":"https://www.gstatic.com/firebasejs/11.5.0/firebase-vertexai.js","data-connect":"https://www.gstatic.com/firebasejs/11.5.0/firebase-data-connect.js","firestore.memory":"https://www.gstatic.com/firebasejs/11.5.0/firebase-firestore.memory.js"}}
[info] +  Wrote public/index.html 
[info] 
[info] i  Detected a .git folder at C:\Users\Tobias\Documents\GitHub\BancoDePontos\BancoDePontos-Edukhan 
[info] i  Authorizing with GitHub to upload your service account to a GitHub repository's secrets store. 
[info] 
[info] Visit this URL on this device to log in:
[info] https://github.com/login/oauth/authorize?client_id=89cf50f02ac6aaed3484&state=852401270&redirect_uri=http%3A%2F%2Flocalhost%3A9005&scope=read%3Auser%20repo%20public_repo
[info] 
[info] Waiting for authentication...
[debug] [2025-03-21T16:03:02.105Z] >>> [apiv2][query] POST https://github.com/login/oauth/access_token [none]
[debug] [2025-03-21T16:03:02.105Z] >>> [apiv2][body] POST https://github.com/login/oauth/access_token [stream]
[debug] [2025-03-21T16:03:02.726Z] <<< [apiv2][status] POST https://github.com/login/oauth/access_token 200
[debug] [2025-03-21T16:03:02.727Z] <<< [apiv2][body] POST https://github.com/login/oauth/access_token {"access_token":"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","token_type":"bearer","scope":"read:user,repo"}
[debug] [2025-03-21T16:03:02.744Z] >>> [apiv2][query] GET https://api.github.com/user [none]
[debug] [2025-03-21T16:03:03.481Z] <<< [apiv2][status] GET https://api.github.com/user 200
[debug] [2025-03-21T16:03:03.481Z] <<< [apiv2][body] GET https://api.github.com/user {"login":"tobiasteles","id":106561230,"node_id":"U_kgDOBln-zg","avatar_url":"https://avatars.githubusercontent.com/u/106561230?v=4","gravatar_id":"","url":"https://api.github.com/users/tobiasteles","html_url":"https://github.com/tobiasteles","followers_url":"https://api.github.com/users/tobiasteles/followers","following_url":"https://api.github.com/users/tobiasteles/following{/other_user}","gists_url":"https://api.github.com/users/tobiasteles/gists{/gist_id}","starred_url":"https://api.github.com/users/tobiasteles/starred{/owner}{/repo}","subscriptions_url":"https://api.github.com/users/tobiasteles/subscriptions","organizations_url":"https://api.github.com/users/tobiasteles/orgs","repos_url":"https://api.github.com/users/tobiasteles/repos","events_url":"https://api.github.com/users/tobiasteles/events{/privacy}","received_events_url":"https://api.github.com/users/tobiasteles/received_events","type":"User","user_view_type":"private","site_admin":false,"name":"Tobias Teles","company":null,"blog":"https://tobiasteles.github.io/portfolio-tobias/","location":"Brasília, Brasil","email":null,"hireable":null,"bio":"Hello! I'm Tobias, a Physics professor and early-career web developer.","twitter_username":null,"notification_email":null,"public_repos":13,"public_gists":0,"followers":4,"following":4,"created_at":"2022-05-30T22:01:42Z","updated_at":"2025-03-21T14:18:49Z","private_gists":0,"total_private_repos":8,"owned_private_repos":8,"disk_usage":411725,"collaborators":0,"two_factor_authentication":false,"plan":{"name":"free","space":976562499,"collaborators":0,"private_repos":10000}}
[info] 
[info] +  Success! Logged into GitHub as tobiasteles 
[info] 
[debug] [2025-03-21T16:03:25.342Z] >>> [apiv2][query] GET https://api.github.com/repos/repository/actions/secrets/public-key type=owner
[debug] [2025-03-21T16:03:25.808Z] <<< [apiv2][status] GET https://api.github.com/repos/repository/actions/secrets/public-key 404
[debug] [2025-03-21T16:03:25.808Z] <<< [apiv2][body] GET https://api.github.com/repos/repository/actions/secrets/public-key {"message":"Not Found","documentation_url":"https://docs.github.com/rest","status":"404"}
[info] 
[info] 
[error] !  The provided authorization cannot be used with this repository. If this repository is in an organization, did you remember to grant access? 
[info] 
[info] i  Action required: Visit this URL to ensure access has been granted to the appropriate organization(s) for the Firebase CLI GitHub OAuth App: 
[info] https://github.com/settings/connections/applications/89cf50f02ac6aaed3484
[info] 
[debug] [2025-03-21T16:03:34.212Z] >>> [apiv2][query] GET https://api.github.com/repos/user/actions/secrets/public-key type=owner
[debug] [2025-03-21T16:03:34.617Z] <<< [apiv2][status] GET https://api.github.com/repos/user/actions/secrets/public-key 404
[debug] [2025-03-21T16:03:34.617Z] <<< [apiv2][body] GET https://api.github.com/repos/user/actions/secrets/public-key {"message":"Not Found","documentation_url":"https://docs.github.com/rest","status":"404"}
[info] 
[info] 
[error] !  The provided authorization cannot be used with this repository. If this repository is in an organization, did you remember to grant access? 
[info] 
[info] i  Action required: Visit this URL to ensure access has been granted to the appropriate organization(s) for the Firebase CLI GitHub OAuth App: 
[info] https://github.com/settings/connections/applications/89cf50f02ac6aaed3484
[info] 
[debug] [2025-03-21T16:03:38.333Z] >>> [apiv2][query] GET https://api.github.com/repos/user/actions/secrets/public-key type=owner
[debug] [2025-03-21T16:03:38.661Z] <<< [apiv2][status] GET https://api.github.com/repos/user/actions/secrets/public-key 404
[debug] [2025-03-21T16:03:38.661Z] <<< [apiv2][body] GET https://api.github.com/repos/user/actions/secrets/public-key {"message":"Not Found","documentation_url":"https://docs.github.com/rest","status":"404"}
[info] 
[info] 
[error] !  The provided authorization cannot be used with this repository. If this repository is in an organization, did you remember to grant access? 
[info] 
[info] i  Action required: Visit this URL to ensure access has been granted to the appropriate organization(s) for the Firebase CLI GitHub OAuth App: 
[info] https://github.com/settings/connections/applications/89cf50f02ac6aaed3484
[info] 
[debug] [2025-03-21T16:03:39.457Z] >>> [apiv2][query] GET https://api.github.com/repos/user/actions/secrets/public-key type=owner
[debug] [2025-03-21T16:03:39.716Z] <<< [apiv2][status] GET https://api.github.com/repos/user/actions/secrets/public-key 404
[debug] [2025-03-21T16:03:39.716Z] <<< [apiv2][body] GET https://api.github.com/repos/user/actions/secrets/public-key {"message":"Not Found","documentation_url":"https://docs.github.com/rest","status":"404"}
[info] 
[info] 
[error] !  The provided authorization cannot be used with this repository. If this repository is in an organization, did you remember to grant access? 
[info] 
[info] i  Action required: Visit this URL to ensure access has been granted to the appropriate organization(s) for the Firebase CLI GitHub OAuth App: 
[info] https://github.com/settings/connections/applications/89cf50f02ac6aaed3484
[info] 
[debug] [2025-03-21T16:03:56.337Z] >>> [apiv2][query] GET https://api.github.com/repos/y/actions/secrets/public-key type=owner
[debug] [2025-03-21T16:03:56.774Z] <<< [apiv2][status] GET https://api.github.com/repos/y/actions/secrets/public-key 404
[debug] [2025-03-21T16:03:56.774Z] <<< [apiv2][body] GET https://api.github.com/repos/y/actions/secrets/public-key {"message":"Not Found","documentation_url":"https://docs.github.com/rest","status":"404"}
[info] 
[info] 
[error] !  The provided authorization cannot be used with this repository. If this repository is in an organization, did you remember to grant access? 
[info] 
[info] i  Action required: Visit this URL to ensure access has been granted to the appropriate organization(s) for the Firebase CLI GitHub OAuth App: 
[info] https://github.com/settings/connections/applications/89cf50f02ac6aaed3484
[info] 
[debug] [2025-03-21T16:04:00.096Z] >>> [apiv2][query] GET https://api.github.com/repos/user/actions/secrets/public-key type=owner
[debug] [2025-03-21T16:04:00.321Z] <<< [apiv2][status] GET https://api.github.com/repos/user/actions/secrets/public-key 404
[debug] [2025-03-21T16:04:00.322Z] <<< [apiv2][body] GET https://api.github.com/repos/user/actions/secrets/public-key {"message":"Not Found","documentation_url":"https://docs.github.com/rest","status":"404"}
[info] 
[info] 
[error] !  The provided authorization cannot be used with this repository. If this repository is in an organization, did you remember to grant access? 
[info] 
[info] i  Action required: Visit this URL to ensure access has been granted to the appropriate organization(s) for the Firebase CLI GitHub OAuth App: 
[info] https://github.com/settings/connections/applications/89cf50f02ac6aaed3484
[info] 
[debug] [2025-03-21T16:04:02.209Z] >>> [apiv2][query] GET https://api.github.com/repos/user/actions/secrets/public-key type=owner
[debug] [2025-03-21T16:04:02.420Z] <<< [apiv2][status] GET https://api.github.com/repos/user/actions/secrets/public-key 404
[debug] [2025-03-21T16:04:02.420Z] <<< [apiv2][body] GET https://api.github.com/repos/user/actions/secrets/public-key {"message":"Not Found","documentation_url":"https://docs.github.com/rest","status":"404"}
[info] 
[info] 
[error] !  The provided authorization cannot be used with this repository. If this repository is in an organization, did you remember to grant access? 
[info] 
[info] i  Action required: Visit this URL to ensure access has been granted to the appropriate organization(s) for the Firebase CLI GitHub OAuth App: 
[info] https://github.com/settings/connections/applications/89cf50f02ac6aaed3484
[info] 
[debug] [2025-03-21T16:04:13.094Z] >>> [apiv2][query] GET https://api.github.com/repos/repository/actions/secrets/public-key type=owner
[debug] [2025-03-21T16:04:13.604Z] <<< [apiv2][status] GET https://api.github.com/repos/repository/actions/secrets/public-key 404
[debug] [2025-03-21T16:04:13.605Z] <<< [apiv2][body] GET https://api.github.com/repos/repository/actions/secrets/public-key {"message":"Not Found","documentation_url":"https://docs.github.com/rest","status":"404"}
[info] 
[info] 
[error] !  The provided authorization cannot be used with this repository. If this repository is in an organization, did you remember to grant access? 
[info] 
[info] i  Action required: Visit this URL to ensure access has been granted to the appropriate organization(s) for the Firebase CLI GitHub OAuth App: 
[info] https://github.com/settings/connections/applications/89cf50f02ac6aaed3484
[info] 